[2025-03-31 17:18:59] Backup system initialized
[2025-03-31 17:18:59] Starting complete backup process...
[2025-03-31 17:18:59] Starting database backup...
[2025-03-31 17:19:00] Database backup completed successfully: /Users/said/Library/Mobile Documents/com~apple~CloudDocs/quizzer/database/database_20250331_171859.sql.gz
[2025-03-31 17:19:00] Starting codebase backup...
[2025-03-31 17:19:02] Codebase backup completed successfully: /Users/said/Library/Mobile Documents/com~apple~CloudDocs/quizzer/code/codebase_20250331_171900.tar.gz
[2025-03-31 17:19:02] Starting environment files backup...
[2025-03-31 17:19:04] Environment files backup completed.
[2025-03-31 17:19:04] No uploads directory found. Skipping uploads backup.
[2025-03-31 17:19:04] No public/uploads directory found. Skipping public uploads backup.
[2025-03-31 17:19:04] Cleaning up backups older than 7 days...
[2025-03-31 17:19:04] Cleanup completed.
[2025-03-31 17:19:04] Backup process completed.
[2025-03-31 17:19:04] Sleeping for 10080 seconds until next backup...
[2025-03-31 21:02:38] Starting complete backup process...
[2025-03-31 21:02:38] Starting database backup...
[2025-03-31 21:02:39] Database backup completed successfully: /Users/said/Library/Mobile Documents/com~apple~CloudDocs/quizzer/database/database_20250331_210238.sql.gz
[2025-03-31 21:02:39] Starting codebase backup...
[2025-03-31 21:02:41] Codebase backup completed successfully: /Users/said/Library/Mobile Documents/com~apple~CloudDocs/quizzer/code/codebase_20250331_210239.tar.gz
[2025-03-31 21:02:41] Starting environment files backup...
[2025-03-31 21:02:42] Environment files backup completed.
[2025-03-31 21:02:42] No uploads directory found. Skipping uploads backup.
[2025-03-31 21:02:42] No public/uploads directory found. Skipping public uploads backup.
[2025-03-31 21:02:42] Cleaning up backups older than 7 days...
[2025-03-31 21:02:42] Cleanup completed.
[2025-03-31 21:02:42] Backup process completed.
[2025-03-31 21:02:42] Sleeping for 10080 seconds until next backup...
[2025-04-01 11:59:48] Starting complete backup process...
[2025-04-01 11:59:48] Starting database backup...
[2025-04-01 11:59:49] Database backup completed successfully: /Users/said/Library/Mobile Documents/com~apple~CloudDocs/quizzer/database/database_20250401_115948.sql.gz
[2025-04-01 11:59:49] Starting codebase backup...
[2025-04-01 11:59:51] Codebase backup completed successfully: /Users/said/Library/Mobile Documents/com~apple~CloudDocs/quizzer/code/codebase_20250401_115949.tar.gz
[2025-04-01 11:59:51] Starting environment files backup...
[2025-04-01 11:59:53] Environment files backup completed.
[2025-04-01 11:59:53] No uploads directory found. Skipping uploads backup.
[2025-04-01 11:59:53] No public/uploads directory found. Skipping public uploads backup.
[2025-04-01 11:59:53] Cleaning up backups older than 7 days...
[2025-04-01 11:59:53] Cleanup completed.
[2025-04-01 11:59:53] Backup process completed.
[2025-04-01 11:59:53] Sleeping for 10080 seconds until next backup...
[2025-04-01 15:33:33] Starting complete backup process...
[2025-04-01 15:33:33] Starting database backup...
[2025-04-01 15:33:35] Database backup completed successfully: /Users/said/Library/Mobile Documents/com~apple~CloudDocs/quizzer/database/database_20250401_153333.sql.gz
[2025-04-01 15:33:35] Starting codebase backup...
[2025-04-01 15:33:37] Codebase backup completed successfully: /Users/said/Library/Mobile Documents/com~apple~CloudDocs/quizzer/code/codebase_20250401_153335.tar.gz
[2025-04-01 15:33:37] Starting environment files backup...
[2025-04-01 15:33:39] Environment files backup completed.
[2025-04-01 15:33:39] No uploads directory found. Skipping uploads backup.
[2025-04-01 15:33:39] No public/uploads directory found. Skipping public uploads backup.
[2025-04-01 15:33:39] Cleaning up backups older than 7 days...
[2025-04-01 15:33:39] Cleanup completed.
[2025-04-01 15:33:39] Backup process completed.
[2025-04-01 15:33:39] Sleeping for 10080 seconds until next backup...
[2025-04-01 19:36:24] Starting complete backup process...
[2025-04-01 19:36:24] Starting database backup...
[2025-04-01 19:36:24] Database backup completed successfully: /Users/said/Library/Mobile Documents/com~apple~CloudDocs/quizzer/database/database_20250401_193624.sql.gz
[2025-04-01 19:36:24] Starting codebase backup...
[2025-04-01 19:36:27] Codebase backup completed successfully: /Users/said/Library/Mobile Documents/com~apple~CloudDocs/quizzer/code/codebase_20250401_193624.tar.gz
[2025-04-01 19:36:27] Starting environment files backup...
[2025-04-01 19:36:28] Environment files backup completed.
[2025-04-01 19:36:28] No uploads directory found. Skipping uploads backup.
[2025-04-01 19:36:28] No public/uploads directory found. Skipping public uploads backup.
[2025-04-01 19:36:28] Cleaning up backups older than 7 days...
[2025-04-01 19:36:28] Cleanup completed.
[2025-04-01 19:36:28] Backup process completed.
[2025-04-01 19:36:28] Sleeping for 10080 seconds until next backup...
[2025-04-02 13:34:20] Starting complete backup process...
[2025-04-02 13:34:20] Starting database backup...
[2025-04-02 13:34:20] Database backup completed successfully: /Users/said/Library/Mobile Documents/com~apple~CloudDocs/quizzer/database/database_20250402_133420.sql.gz
[2025-04-02 13:34:20] Starting codebase backup...
[2025-04-02 13:34:23] Codebase backup completed successfully: /Users/said/Library/Mobile Documents/com~apple~CloudDocs/quizzer/code/codebase_20250402_133420.tar.gz
[2025-04-02 13:34:23] Starting environment files backup...
[2025-04-02 13:34:24] Environment files backup completed.
[2025-04-02 13:34:24] No uploads directory found. Skipping uploads backup.
[2025-04-02 13:34:24] No public/uploads directory found. Skipping public uploads backup.
[2025-04-02 13:34:24] Cleaning up backups older than 7 days...
[2025-04-02 13:34:24] Cleanup completed.
[2025-04-02 13:34:24] Backup process completed.
[2025-04-02 13:34:24] Sleeping for 10080 seconds until next backup...
[2025-04-02 16:22:24] Starting complete backup process...
[2025-04-02 16:22:25] Starting database backup...
[2025-04-02 16:22:25] Database backup completed successfully: /Users/said/Library/Mobile Documents/com~apple~CloudDocs/quizzer/database/database_20250402_162225.sql.gz
[2025-04-02 16:22:25] Starting codebase backup...
[2025-04-02 16:22:28] Codebase backup completed successfully: /Users/said/Library/Mobile Documents/com~apple~CloudDocs/quizzer/code/codebase_20250402_162225.tar.gz
[2025-04-02 16:22:28] Starting environment files backup...
[2025-04-02 16:22:30] Environment files backup completed.
[2025-04-02 16:22:30] No uploads directory found. Skipping uploads backup.
[2025-04-02 16:22:30] No public/uploads directory found. Skipping public uploads backup.
[2025-04-02 16:22:30] Cleaning up backups older than 7 days...
[2025-04-02 16:22:30] Cleanup completed.
[2025-04-02 16:22:30] Backup process completed.
[2025-04-02 16:22:30] Sleeping for 10080 seconds until next backup...
[2025-04-02 19:10:30] Starting complete backup process...
[2025-04-02 19:10:30] Starting database backup...
[2025-04-02 19:10:31] Database backup completed successfully: /Users/said/Library/Mobile Documents/com~apple~CloudDocs/quizzer/database/database_20250402_191030.sql.gz
[2025-04-02 19:10:31] Starting codebase backup...
[2025-04-02 19:10:37] Codebase backup completed successfully: /Users/said/Library/Mobile Documents/com~apple~CloudDocs/quizzer/code/codebase_20250402_191031.tar.gz
[2025-04-02 19:10:37] Starting environment files backup...
[2025-04-02 19:10:39] Environment files backup completed.
[2025-04-02 19:10:39] No uploads directory found. Skipping uploads backup.
[2025-04-02 19:10:39] No public/uploads directory found. Skipping public uploads backup.
[2025-04-02 19:10:39] Cleaning up backups older than 7 days...
[2025-04-02 19:10:39] Cleanup completed.
[2025-04-02 19:10:39] Backup process completed.
[2025-04-02 19:10:39] Sleeping for 10080 seconds until next backup...
[2025-04-03 12:08:28] Starting complete backup process...
[2025-04-03 12:08:28] Starting database backup...
[2025-04-03 12:08:29] Database backup completed successfully: /Users/said/Library/Mobile Documents/com~apple~CloudDocs/quizzer/database/database_20250403_120828.sql.gz
[2025-04-03 12:08:29] Starting codebase backup...
[2025-04-03 12:08:32] Codebase backup completed successfully: /Users/said/Library/Mobile Documents/com~apple~CloudDocs/quizzer/code/codebase_20250403_120829.tar.gz
[2025-04-03 12:08:32] Starting environment files backup...
[2025-04-03 12:08:34] Environment files backup completed.
[2025-04-03 12:08:34] No uploads directory found. Skipping uploads backup.
[2025-04-03 12:08:34] No public/uploads directory found. Skipping public uploads backup.
[2025-04-03 12:08:34] Cleaning up backups older than 7 days...
[2025-04-03 12:08:34] Cleanup completed.
[2025-04-03 12:08:34] Backup process completed.
[2025-04-03 12:08:34] Sleeping for 10080 seconds until next backup...
[2025-04-03 14:56:34] Starting complete backup process...
[2025-04-03 14:56:34] Starting database backup...
[2025-04-03 14:56:35] Database backup completed successfully: /Users/said/Library/Mobile Documents/com~apple~CloudDocs/quizzer/database/database_20250403_145634.sql.gz
[2025-04-03 14:56:35] Starting codebase backup...
[2025-04-03 14:56:37] Codebase backup completed successfully: /Users/said/Library/Mobile Documents/com~apple~CloudDocs/quizzer/code/codebase_20250403_145635.tar.gz
[2025-04-03 14:56:37] Starting environment files backup...
[2025-04-03 14:56:39] Environment files backup completed.
[2025-04-03 14:56:39] No uploads directory found. Skipping uploads backup.
[2025-04-03 14:56:39] No public/uploads directory found. Skipping public uploads backup.
[2025-04-03 14:56:39] Cleaning up backups older than 7 days...
[2025-04-03 14:56:39] Cleanup completed.
[2025-04-03 14:56:39] Backup process completed.
[2025-04-03 14:56:39] Sleeping for 10080 seconds until next backup...
[2025-04-03 17:44:39] Starting complete backup process...
[2025-04-03 17:44:39] Starting database backup...
[2025-04-03 17:44:40] Database backup completed successfully: /Users/said/Library/Mobile Documents/com~apple~CloudDocs/quizzer/database/database_20250403_174439.sql.gz
[2025-04-03 17:44:40] Starting codebase backup...
[2025-04-03 17:44:42] Codebase backup completed successfully: /Users/said/Library/Mobile Documents/com~apple~CloudDocs/quizzer/code/codebase_20250403_174440.tar.gz
[2025-04-03 17:44:42] Starting environment files backup...
[2025-04-03 17:44:43] Environment files backup completed.
[2025-04-03 17:44:43] No uploads directory found. Skipping uploads backup.
[2025-04-03 17:44:43] No public/uploads directory found. Skipping public uploads backup.
[2025-04-03 17:44:43] Cleaning up backups older than 7 days...
[2025-04-03 17:44:43] Cleanup completed.
[2025-04-03 17:44:43] Backup process completed.
[2025-04-03 17:44:43] Sleeping for 10080 seconds until next backup...
[2025-04-04 13:28:42] Starting complete backup process...
[2025-04-04 13:28:42] Starting database backup...
[2025-04-04 13:28:43] Database backup completed successfully: /Users/said/Library/Mobile Documents/com~apple~CloudDocs/quizzer/database/database_20250404_132842.sql.gz
[2025-04-04 13:28:43] Starting codebase backup...
[2025-04-04 13:28:46] Codebase backup completed successfully: /Users/said/Library/Mobile Documents/com~apple~CloudDocs/quizzer/code/codebase_20250404_132843.tar.gz
[2025-04-04 13:28:46] Starting environment files backup...
[2025-04-04 13:28:47] Environment files backup completed.
[2025-04-04 13:28:47] No uploads directory found. Skipping uploads backup.
[2025-04-04 13:28:47] No public/uploads directory found. Skipping public uploads backup.
[2025-04-04 13:28:47] Cleaning up backups older than 7 days...
[2025-04-04 13:28:47] Cleanup completed.
[2025-04-04 13:28:47] Backup process completed.
[2025-04-04 13:28:47] Sleeping for 10080 seconds until next backup...
[2025-04-04 17:01:04] Starting complete backup process...
[2025-04-04 17:01:04] Starting database backup...
[2025-04-04 17:01:04] Database backup completed successfully: /Users/said/Library/Mobile Documents/com~apple~CloudDocs/quizzer/database/database_20250404_170104.sql.gz
[2025-04-04 17:01:04] Starting codebase backup...
[2025-04-04 17:01:07] Codebase backup completed successfully: /Users/said/Library/Mobile Documents/com~apple~CloudDocs/quizzer/code/codebase_20250404_170104.tar.gz
[2025-04-04 17:01:07] Starting environment files backup...
[2025-04-04 17:01:08] Environment files backup completed.
[2025-04-04 17:01:08] No uploads directory found. Skipping uploads backup.
[2025-04-04 17:01:08] No public/uploads directory found. Skipping public uploads backup.
[2025-04-04 17:01:08] Cleaning up backups older than 7 days...
[2025-04-04 17:01:08] Cleanup completed.
[2025-04-04 17:01:08] Backup process completed.
[2025-04-04 17:01:08] Sleeping for 10080 seconds until next backup...
[2025-04-05 00:51:33] Starting complete backup process...
[2025-04-05 00:51:33] Starting database backup...
[2025-04-05 00:51:35] Database backup completed successfully: /Users/said/Library/Mobile Documents/com~apple~CloudDocs/quizzer/database/database_20250405_005133.sql.gz
[2025-04-05 00:51:35] Starting codebase backup...
[2025-04-05 00:51:37] Codebase backup completed successfully: /Users/said/Library/Mobile Documents/com~apple~CloudDocs/quizzer/code/codebase_20250405_005135.tar.gz
[2025-04-05 00:51:37] Starting environment files backup...
[2025-04-05 00:51:38] Environment files backup completed.
[2025-04-05 00:51:38] No uploads directory found. Skipping uploads backup.
[2025-04-05 00:51:38] No public/uploads directory found. Skipping public uploads backup.
[2025-04-05 00:51:38] Cleaning up backups older than 7 days...
[2025-04-05 00:51:38] Cleanup completed.
[2025-04-05 00:51:38] Backup process completed.
[2025-04-05 00:51:38] Sleeping for 10080 seconds until next backup...
[2025-04-06 19:20:59] Starting complete backup process...
[2025-04-06 19:20:59] Starting database backup...
[2025-04-06 19:20:59] Database backup completed successfully: /Users/said/Library/Mobile Documents/com~apple~CloudDocs/quizzer/database/database_20250406_192059.sql.gz
[2025-04-06 19:20:59] Starting codebase backup...
[2025-04-06 19:21:02] Codebase backup completed successfully: /Users/said/Library/Mobile Documents/com~apple~CloudDocs/quizzer/code/codebase_20250406_192059.tar.gz
[2025-04-06 19:21:02] Starting environment files backup...
[2025-04-06 19:21:03] Environment files backup completed.
[2025-04-06 19:21:03] No uploads directory found. Skipping uploads backup.
[2025-04-06 19:21:03] No public/uploads directory found. Skipping public uploads backup.
[2025-04-06 19:21:03] Cleaning up backups older than 7 days...
[2025-04-06 19:21:03] Cleanup completed.
[2025-04-06 19:21:03] Backup process completed.
[2025-04-06 19:21:03] Sleeping for 10080 seconds until next backup...
[2025-04-07 19:07:08] Starting complete backup process...
[2025-04-07 19:07:08] Starting database backup...
[2025-04-07 19:07:09] Database backup completed successfully: /Users/said/Library/Mobile Documents/com~apple~CloudDocs/quizzer/database/database_20250407_190708.sql.gz
[2025-04-07 19:07:09] Starting codebase backup...
[2025-04-07 19:07:12] Codebase backup completed successfully: /Users/said/Library/Mobile Documents/com~apple~CloudDocs/quizzer/code/codebase_20250407_190709.tar.gz
[2025-04-07 19:07:12] Starting environment files backup...
[2025-04-07 19:07:14] Environment files backup completed.
[2025-04-07 19:07:14] No uploads directory found. Skipping uploads backup.
[2025-04-07 19:07:14] No public/uploads directory found. Skipping public uploads backup.
[2025-04-07 19:07:14] Cleaning up backups older than 7 days...
[2025-04-07 19:07:14] Cleanup completed.
[2025-04-07 19:07:14] Backup process completed.
[2025-04-07 19:07:14] Sleeping for 10080 seconds until next backup...
[2025-04-07 21:55:14] Starting complete backup process...
[2025-04-07 21:55:14] Starting database backup...
[2025-04-07 21:55:15] Database backup completed successfully: /Users/said/Library/Mobile Documents/com~apple~CloudDocs/quizzer/database/database_20250407_215514.sql.gz
[2025-04-07 21:55:15] Starting codebase backup...
[2025-04-07 21:55:17] Codebase backup completed successfully: /Users/said/Library/Mobile Documents/com~apple~CloudDocs/quizzer/code/codebase_20250407_215515.tar.gz
[2025-04-07 21:55:17] Starting environment files backup...
[2025-04-07 21:55:18] Environment files backup completed.
[2025-04-07 21:55:18] No uploads directory found. Skipping uploads backup.
[2025-04-07 21:55:18] No public/uploads directory found. Skipping public uploads backup.
[2025-04-07 21:55:18] Cleaning up backups older than 7 days...
[2025-04-07 21:55:18] Cleanup completed.
[2025-04-07 21:55:18] Backup process completed.
[2025-04-07 21:55:18] Sleeping for 10080 seconds until next backup...
[2025-04-08 12:19:49] Starting complete backup process...
[2025-04-08 12:19:49] Starting database backup...
[2025-04-08 12:19:51] Database backup completed successfully: /Users/said/Library/Mobile Documents/com~apple~CloudDocs/quizzer/database/database_20250408_121949.sql.gz
[2025-04-08 12:19:51] Starting codebase backup...
[2025-04-08 12:19:55] Codebase backup completed successfully: /Users/said/Library/Mobile Documents/com~apple~CloudDocs/quizzer/code/codebase_20250408_121951.tar.gz
[2025-04-08 12:19:55] Starting environment files backup...
[2025-04-08 12:19:57] Environment files backup completed.
[2025-04-08 12:19:57] No uploads directory found. Skipping uploads backup.
[2025-04-08 12:19:57] No public/uploads directory found. Skipping public uploads backup.
[2025-04-08 12:19:57] Cleaning up backups older than 7 days...
[2025-04-08 12:19:57] Cleanup completed.
[2025-04-08 12:19:57] Backup process completed.
[2025-04-08 12:19:57] Sleeping for 10080 seconds until next backup...
[2025-04-08 15:07:57] Starting complete backup process...
[2025-04-08 15:07:57] Starting database backup...
[2025-04-08 15:07:58] Database backup completed successfully: /Users/said/Library/Mobile Documents/com~apple~CloudDocs/quizzer/database/database_20250408_150757.sql.gz
[2025-04-08 15:07:58] Starting codebase backup...
[2025-04-08 15:08:01] Codebase backup completed successfully: /Users/said/Library/Mobile Documents/com~apple~CloudDocs/quizzer/code/codebase_20250408_150758.tar.gz
[2025-04-08 15:08:01] Starting environment files backup...
[2025-04-08 15:08:02] Environment files backup completed.
[2025-04-08 15:08:02] No uploads directory found. Skipping uploads backup.
[2025-04-08 15:08:02] No public/uploads directory found. Skipping public uploads backup.
[2025-04-08 15:08:02] Cleaning up backups older than 7 days...
[2025-04-08 15:08:02] Cleanup completed.
[2025-04-08 15:08:02] Backup process completed.
[2025-04-08 15:08:02] Sleeping for 10080 seconds until next backup...
[2025-04-08 18:15:41] Starting complete backup process...
[2025-04-08 18:15:41] Starting database backup...
[2025-04-08 18:15:44] Database backup completed successfully: /Users/said/Library/Mobile Documents/com~apple~CloudDocs/quizzer/database/database_20250408_181541.sql.gz
[2025-04-08 18:15:44] Starting codebase backup...
[2025-04-08 18:15:47] Codebase backup completed successfully: /Users/said/Library/Mobile Documents/com~apple~CloudDocs/quizzer/code/codebase_20250408_181544.tar.gz
[2025-04-08 18:15:47] Starting environment files backup...
[2025-04-08 18:15:49] Environment files backup completed.
[2025-04-08 18:15:49] No uploads directory found. Skipping uploads backup.
[2025-04-08 18:15:49] No public/uploads directory found. Skipping public uploads backup.
[2025-04-08 18:15:49] Cleaning up backups older than 7 days...
[2025-04-08 18:15:49] Cleanup completed.
[2025-04-08 18:15:49] Backup process completed.
[2025-04-08 18:15:49] Sleeping for 10080 seconds until next backup...
[2025-04-08 23:13:17] Starting complete backup process...
[2025-04-08 23:13:17] Starting database backup...
[2025-04-08 23:13:18] Database backup completed successfully: /Users/said/Library/Mobile Documents/com~apple~CloudDocs/quizzer/database/database_20250408_231317.sql.gz
[2025-04-08 23:13:18] Starting codebase backup...
[2025-04-08 23:13:21] Codebase backup completed successfully: /Users/said/Library/Mobile Documents/com~apple~CloudDocs/quizzer/code/codebase_20250408_231318.tar.gz
[2025-04-08 23:13:21] Starting environment files backup...
[2025-04-08 23:13:22] Environment files backup completed.
[2025-04-08 23:13:22] No uploads directory found. Skipping uploads backup.
[2025-04-08 23:13:22] No public/uploads directory found. Skipping public uploads backup.
[2025-04-08 23:13:22] Cleaning up backups older than 7 days...
[2025-04-08 23:13:22] Cleanup completed.
[2025-04-08 23:13:22] Backup process completed.
[2025-04-08 23:13:22] Sleeping for 10080 seconds until next backup...
